\BOOKMARK [1][-]{section.1}{Introduction}{}% 1
\BOOKMARK [1][-]{section.2}{Selection of optional web pages}{}% 2
\BOOKMARK [1][-]{section.3}{Regular Expressions Implementation}{}% 3
\BOOKMARK [2][-]{subsection.3.1}{rtvslo.si}{section.3}% 4
\BOOKMARK [2][-]{subsection.3.2}{overstock.com}{section.3}% 5
\BOOKMARK [2][-]{subsection.3.3}{mimovrste.si}{section.3}% 6
\BOOKMARK [2][-]{subsection.3.4}{ceneje.si}{section.3}% 7
\BOOKMARK [1][-]{section.4}{XPath Implementation}{}% 8
\BOOKMARK [2][-]{subsection.4.1}{rtvslo.si}{section.4}% 9
\BOOKMARK [2][-]{subsection.4.2}{overstock.si}{section.4}% 10
\BOOKMARK [2][-]{subsection.4.3}{mimovrste.si}{section.4}% 11
\BOOKMARK [2][-]{subsection.4.4}{ceneje.si}{section.4}% 12
\BOOKMARK [1][-]{section.5}{Automatic Web Extraction Implementation}{}% 13
\BOOKMARK [2][-]{subsection.5.1}{Pseudo code}{section.5}% 14
\BOOKMARK [2][-]{subsection.5.2}{Results}{section.5}% 15
\BOOKMARK [2][-]{subsection.5.3}{rtvslo.si}{section.5}% 16
\BOOKMARK [2][-]{subsection.5.4}{overstock.com}{section.5}% 17
\BOOKMARK [2][-]{subsection.5.5}{mimovrste.si}{section.5}% 18
\BOOKMARK [2][-]{subsection.5.6}{ceneje.si}{section.5}% 19
\BOOKMARK [1][-]{section.6}{Conclusion}{}% 20
